build/app/intermediates/manifest_merge_blame_file/release/manifest-merger-blame-release-report.txt
1<?xml version="1.0" encoding="utf-8"?>
2<manifest xmlns:android="http://schemas.android.com/apk/res/android"
3    package="io.instamobile.flutter.login.android"
4    android:versionCode="1"
5    android:versionName="1.0.0" >
6
7    <uses-sdk
8        android:minSdkVersion="21"
8-->src\main\AndroidManifest.xml
9        android:targetSdkVersion="29" />
9-->src\main\AndroidManifest.xml
10
11    <uses-permission android:name="android.permission.READ_EXTERNAL_STORAGE" />
11-->[:image_picker] AndroidManifest.xml:7:5-80
11-->[:image_picker] AndroidManifest.xml:7:22-77
12    <uses-permission android:name="android.permission.WRITE_EXTERNAL_STORAGE" /> <!-- Although the *SdkVersion is captured in gradle build files, this is required for non gradle builds -->
12-->[:image_picker] AndroidManifest.xml:8:5-81
12-->[:image_picker] AndroidManifest.xml:8:22-78
13    <!-- <uses-sdk android:minSdkVersion="14"/> -->
14    <uses-permission android:name="android.permission.ACCESS_NETWORK_STATE" />
14-->[com.google.firebase:firebase-storage:17.0.0] AndroidManifest.xml:26:5-79
14-->[com.google.firebase:firebase-storage:17.0.0] AndroidManifest.xml:26:22-76
15    <uses-permission android:name="android.permission.INTERNET" />
15-->[com.google.firebase:firebase-storage:17.0.0] AndroidManifest.xml:27:5-67
15-->[com.google.firebase:firebase-storage:17.0.0] AndroidManifest.xml:27:22-64
16    <!--
17 io.flutter.app.FlutterApplication is an android.app.Application that
18         calls FlutterMain.startInitialization(this); in its onCreate method.
19         In most cases you can leave this as-is, but you if you want to provide
20         additional functionality it is fine to subclass or reimplement
21         FlutterApplication and put your custom class here.
22    -->
23    <application
23-->src\main\AndroidManifest.xml:8:5-53:19
24        android:name="io.flutter.app.FlutterApplication"
24-->src\main\AndroidManifest.xml:9:9-57
25        android:appComponentFactory="androidx.core.app.CoreComponentFactory"
25-->[androidx.core:core:1.1.0] AndroidManifest.xml:24:18-86
26        android:icon="@mipmap/ic_launcher"
26-->src\main\AndroidManifest.xml:10:9-43
27        android:label="Flutter Login Screen"
27-->src\main\AndroidManifest.xml:11:9-45
28        android:requestLegacyExternalStorage="true"
28-->src\main\AndroidManifest.xml:12:9-52
29        android:roundIcon="@mipmap/ic_launcher_round"
29-->src\main\AndroidManifest.xml:13:9-54
30        android:supportsRtl="true" >
30-->[com.facebook.android:facebook-login:5.5.1] AndroidManifest.xml:28:18-44
31        <activity
31-->src\main\AndroidManifest.xml:14:9-25:20
32            android:name="io.instamobile.flutter_login_screen.MainActivity"
32-->src\main\AndroidManifest.xml:15:13-41
33            android:configChanges="orientation|keyboardHidden|keyboard|screenSize|smallestScreenSize|locale|layoutDirection|fontScale|screenLayout|density|uiMode"
33-->src\main\AndroidManifest.xml:16:13-163
34            android:hardwareAccelerated="true"
34-->src\main\AndroidManifest.xml:17:13-47
35            android:launchMode="singleTop"
35-->src\main\AndroidManifest.xml:18:13-43
36            android:theme="@style/LaunchTheme"
36-->src\main\AndroidManifest.xml:19:13-47
37            android:windowSoftInputMode="adjustResize" >
37-->src\main\AndroidManifest.xml:20:13-55
38            <intent-filter>
38-->src\main\AndroidManifest.xml:21:13-24:29
39                <action android:name="android.intent.action.MAIN" />
39-->src\main\AndroidManifest.xml:22:17-69
39-->src\main\AndroidManifest.xml:22:25-66
40
41                <category android:name="android.intent.category.LAUNCHER" />
41-->src\main\AndroidManifest.xml:23:17-77
41-->src\main\AndroidManifest.xml:23:27-74
42            </intent-filter>
43        </activity>
44        <!--
45             Don't delete the meta-data below.
46             This is used by the Flutter tool to generate GeneratedPluginRegistrant.java
47        -->
48        <meta-data
48-->src\main\AndroidManifest.xml:28:9-30:33
49            android:name="flutterEmbedding"
49-->src\main\AndroidManifest.xml:29:13-44
50            android:value="2" />
50-->src\main\AndroidManifest.xml:30:13-30
51
52        <activity
52-->src\main\AndroidManifest.xml:32:9-35:48
53            android:name="com.facebook.FacebookActivity"
53-->src\main\AndroidManifest.xml:33:13-57
54            android:configChanges="keyboard|keyboardHidden|screenLayout|screenSize|orientation"
54-->src\main\AndroidManifest.xml:34:13-96
55            android:label="@string/app_name"
55-->src\main\AndroidManifest.xml:35:13-45
56            android:theme="@style/com_facebook_activity_theme" />
56-->[com.facebook.android:facebook-common:5.5.1] AndroidManifest.xml:32:13-63
57        <activity
57-->src\main\AndroidManifest.xml:36:9-47:20
58            android:name="com.facebook.CustomTabActivity"
58-->src\main\AndroidManifest.xml:37:13-58
59            android:exported="true" >
59-->src\main\AndroidManifest.xml:38:13-36
60            <intent-filter>
60-->src\main\AndroidManifest.xml:39:13-46:29
61                <action android:name="android.intent.action.VIEW" />
61-->src\main\AndroidManifest.xml:40:17-69
61-->src\main\AndroidManifest.xml:40:25-66
62
63                <category android:name="android.intent.category.DEFAULT" />
63-->src\main\AndroidManifest.xml:42:17-76
63-->src\main\AndroidManifest.xml:42:27-73
64                <category android:name="android.intent.category.BROWSABLE" />
64-->src\main\AndroidManifest.xml:43:17-78
64-->src\main\AndroidManifest.xml:43:27-75
65
66                <data android:scheme="@string/fb_login_protocol_scheme" />
66-->src\main\AndroidManifest.xml:45:17-75
66-->src\main\AndroidManifest.xml:45:23-72
67            </intent-filter>
68        </activity>
69
70        <meta-data
70-->src\main\AndroidManifest.xml:49:9-51:55
71            android:name="com.facebook.sdk.ApplicationId"
71-->src\main\AndroidManifest.xml:50:13-58
72            android:value="@string/facebook_app_id" />
72-->src\main\AndroidManifest.xml:51:13-52
73
74        <service
74-->[:firebase_storage] AndroidManifest.xml:8:9-12:19
75            android:name="com.google.firebase.components.ComponentDiscoveryService"
75-->[:firebase_storage] AndroidManifest.xml:8:18-89
76            android:directBootAware="true"
76-->[com.google.firebase:firebase-common:19.3.0] AndroidManifest.xml:34:13-43
77            android:exported="false" >
77-->[com.google.firebase:firebase-firestore:21.3.0] AndroidManifest.xml:19:13-37
78            <meta-data
78-->[:firebase_storage] AndroidManifest.xml:9:13-11:85
79                android:name="com.google.firebase.components:io.flutter.plugins.firebase.storage.FlutterFirebaseAppRegistrar"
79-->[:firebase_storage] AndroidManifest.xml:10:17-126
80                android:value="com.google.firebase.components.ComponentRegistrar" />
80-->[:firebase_storage] AndroidManifest.xml:11:17-82
81            <meta-data
81-->[:cloud_firestore] AndroidManifest.xml:9:13-11:85
82                android:name="com.google.firebase.components:io.flutter.plugins.firebase.cloudfirestore.FlutterFirebaseAppRegistrar"
82-->[:cloud_firestore] AndroidManifest.xml:10:17-133
83                android:value="com.google.firebase.components.ComponentRegistrar" />
83-->[:cloud_firestore] AndroidManifest.xml:11:17-82
84            <meta-data
84-->[:firebase_auth] AndroidManifest.xml:9:13-11:85
85                android:name="com.google.firebase.components:io.flutter.plugins.firebaseauth.FlutterFirebaseAppRegistrar"
85-->[:firebase_auth] AndroidManifest.xml:10:17-122
86                android:value="com.google.firebase.components.ComponentRegistrar" />
86-->[:firebase_auth] AndroidManifest.xml:11:17-82
87            <meta-data
87-->[:firebase_core] AndroidManifest.xml:9:13-11:85
88                android:name="com.google.firebase.components:io.flutter.plugins.firebase.core.FlutterFirebaseAppRegistrar"
88-->[:firebase_core] AndroidManifest.xml:10:17-123
89                android:value="com.google.firebase.components.ComponentRegistrar" />
89-->[:firebase_core] AndroidManifest.xml:11:17-82
90            <meta-data
90-->[com.google.firebase:firebase-storage:17.0.0] AndroidManifest.xml:31:13-33:85
91                android:name="com.google.firebase.components:com.google.firebase.storage.StorageRegistrar"
91-->[com.google.firebase:firebase-storage:17.0.0] AndroidManifest.xml:32:17-107
92                android:value="com.google.firebase.components.ComponentRegistrar" />
92-->[com.google.firebase:firebase-storage:17.0.0] AndroidManifest.xml:33:17-82
93            <meta-data
93-->[com.google.firebase:firebase-firestore:21.3.0] AndroidManifest.xml:20:13-22:85
94                android:name="com.google.firebase.components:com.google.firebase.firestore.FirestoreRegistrar"
94-->[com.google.firebase:firebase-firestore:21.3.0] AndroidManifest.xml:21:17-111
95                android:value="com.google.firebase.components.ComponentRegistrar" />
95-->[com.google.firebase:firebase-firestore:21.3.0] AndroidManifest.xml:22:17-82
96            <meta-data
96-->[com.google.firebase:firebase-auth:17.0.0] AndroidManifest.xml:36:13-38:85
97                android:name="com.google.firebase.components:com.google.firebase.auth.FirebaseAuthRegistrar"
97-->[com.google.firebase:firebase-auth:17.0.0] AndroidManifest.xml:37:17-109
98                android:value="com.google.firebase.components.ComponentRegistrar" />
98-->[com.google.firebase:firebase-auth:17.0.0] AndroidManifest.xml:38:17-82
99        </service>
100
101        <provider
101-->[:image_picker] AndroidManifest.xml:11:9-19:20
102            android:name="io.flutter.plugins.imagepicker.ImagePickerFileProvider"
102-->[:image_picker] AndroidManifest.xml:12:13-82
103            android:authorities="io.instamobile.flutter.login.android.flutter.image_provider"
103-->[:image_picker] AndroidManifest.xml:13:13-74
104            android:exported="false"
104-->[:image_picker] AndroidManifest.xml:14:13-37
105            android:grantUriPermissions="true" >
105-->[:image_picker] AndroidManifest.xml:15:13-47
106            <meta-data
106-->[:image_picker] AndroidManifest.xml:16:13-18:75
107                android:name="android.support.FILE_PROVIDER_PATHS"
107-->[:image_picker] AndroidManifest.xml:17:17-67
108                android:resource="@xml/flutter_image_picker_file_paths" />
108-->[:image_picker] AndroidManifest.xml:18:17-72
109        </provider>
110
111        <activity
111-->[com.google.firebase:firebase-auth:17.0.0] AndroidManifest.xml:24:9-31:50
112            android:name="com.google.firebase.auth.internal.FederatedSignInActivity"
112-->[com.google.firebase:firebase-auth:17.0.0] AndroidManifest.xml:25:13-85
113            android:excludeFromRecents="true"
113-->[com.google.firebase:firebase-auth:17.0.0] AndroidManifest.xml:26:13-46
114            android:exported="true"
114-->[com.google.firebase:firebase-auth:17.0.0] AndroidManifest.xml:27:13-36
115            android:launchMode="singleTask"
115-->[com.google.firebase:firebase-auth:17.0.0] AndroidManifest.xml:28:13-44
116            android:permission="com.google.firebase.auth.api.gms.permission.LAUNCH_FEDERATED_SIGN_IN"
116-->[com.google.firebase:firebase-auth:17.0.0] AndroidManifest.xml:29:13-102
117            android:theme="@android:style/Theme.Translucent.NoTitleBar" />
117-->[com.google.firebase:firebase-auth:17.0.0] AndroidManifest.xml:30:13-72
118
119        <provider
119-->[com.google.firebase:firebase-common:19.3.0] AndroidManifest.xml:26:9-30:39
120            android:name="com.google.firebase.provider.FirebaseInitProvider"
120-->[com.google.firebase:firebase-common:19.3.0] AndroidManifest.xml:27:13-77
121            android:authorities="io.instamobile.flutter.login.android.firebaseinitprovider"
121-->[com.google.firebase:firebase-common:19.3.0] AndroidManifest.xml:28:13-72
122            android:exported="false"
122-->[com.google.firebase:firebase-common:19.3.0] AndroidManifest.xml:29:13-37
123            android:initOrder="100" />
123-->[com.google.firebase:firebase-common:19.3.0] AndroidManifest.xml:30:13-36
124
125        <activity android:name="com.facebook.CustomTabMainActivity" />
125-->[com.facebook.android:facebook-common:5.5.1] AndroidManifest.xml:33:9-71
125-->[com.facebook.android:facebook-common:5.5.1] AndroidManifest.xml:33:19-68
126        <activity
126-->[com.google.android.gms:play-services-base:17.0.0] AndroidManifest.xml:23:9-26:75
127            android:name="com.google.android.gms.common.api.GoogleApiActivity"
127-->[com.google.android.gms:play-services-base:17.0.0] AndroidManifest.xml:24:13-79
128            android:exported="false"
128-->[com.google.android.gms:play-services-base:17.0.0] AndroidManifest.xml:25:13-37
129            android:theme="@android:style/Theme.Translucent.NoTitleBar" />
129-->[com.google.android.gms:play-services-base:17.0.0] AndroidManifest.xml:26:13-72
130
131        <meta-data
131-->[com.google.android.gms:play-services-basement:17.0.0] AndroidManifest.xml:23:9-25:69
132            android:name="com.google.android.gms.version"
132-->[com.google.android.gms:play-services-basement:17.0.0] AndroidManifest.xml:24:13-58
133            android:value="@integer/google_play_services_version" />
133-->[com.google.android.gms:play-services-basement:17.0.0] AndroidManifest.xml:25:13-66
134        <!--
135         The initialization ContentProvider will call FacebookSdk.sdkInitialize automatically
136         with the application context. This config is merged in with the host app's manifest,
137         but there can only be one provider with the same authority activated at any given
138         point; so if the end user has two or more different apps that use Facebook SDK, only the
139         first one will be able to use the provider. To work around this problem, we use the
140         following placeholder in the authority to identify each host application as if it was
141         a completely different provider.
142        -->
143        <provider
143-->[com.facebook.android:facebook-core:5.5.1] AndroidManifest.xml:39:9-42:40
144            android:name="com.facebook.internal.FacebookInitProvider"
144-->[com.facebook.android:facebook-core:5.5.1] AndroidManifest.xml:40:13-70
145            android:authorities="io.instamobile.flutter.login.android.FacebookInitProvider"
145-->[com.facebook.android:facebook-core:5.5.1] AndroidManifest.xml:41:13-72
146            android:exported="false" />
146-->[com.facebook.android:facebook-core:5.5.1] AndroidManifest.xml:42:13-37
147
148        <receiver
148-->[com.facebook.android:facebook-core:5.5.1] AndroidManifest.xml:44:9-50:20
149            android:name="com.facebook.CurrentAccessTokenExpirationBroadcastReceiver"
149-->[com.facebook.android:facebook-core:5.5.1] AndroidManifest.xml:45:13-86
150            android:exported="false" >
150-->[com.facebook.android:facebook-core:5.5.1] AndroidManifest.xml:46:13-37
151            <intent-filter>
151-->[com.facebook.android:facebook-core:5.5.1] AndroidManifest.xml:47:13-49:29
152                <action android:name="com.facebook.sdk.ACTION_CURRENT_ACCESS_TOKEN_CHANGED" />
152-->[com.facebook.android:facebook-core:5.5.1] AndroidManifest.xml:48:17-95
152-->[com.facebook.android:facebook-core:5.5.1] AndroidManifest.xml:48:25-92
153            </intent-filter>
154        </receiver>
155        <receiver
155-->[com.facebook.android:facebook-core:5.5.1] AndroidManifest.xml:51:9-58:20
156            android:name="com.facebook.CampaignTrackingReceiver"
156-->[com.facebook.android:facebook-core:5.5.1] AndroidManifest.xml:52:13-65
157            android:exported="true"
157-->[com.facebook.android:facebook-core:5.5.1] AndroidManifest.xml:53:13-36
158            android:permission="android.permission.INSTALL_PACKAGES" >
158-->[com.facebook.android:facebook-core:5.5.1] AndroidManifest.xml:54:13-69
159            <intent-filter>
159-->[com.facebook.android:facebook-core:5.5.1] AndroidManifest.xml:55:13-57:29
160                <action android:name="com.android.vending.INSTALL_REFERRER" />
160-->[com.facebook.android:facebook-core:5.5.1] AndroidManifest.xml:56:17-79
160-->[com.facebook.android:facebook-core:5.5.1] AndroidManifest.xml:56:25-76
161            </intent-filter>
162        </receiver>
163    </application>
164
165</manifest>